TN:
SF:src/app.ts
FNF:0
FNH:0
DA:8,1
DA:9,1
DA:10,1
DA:12,1
DA:13,1
DA:14,1
DA:15,1
DA:17,1
LF:8
LH:8
BRDA:14,0,0,1
BRF:1
BRH:1
end_of_record
TN:
SF:src/database.ts
FNF:0
FNH:0
DA:3,2
DA:4,2
LF:2
LH:2
BRF:0
BRH:0
end_of_record
TN:
SF:src/controllers/recommendationController.ts
FN:6,insert
FN:17,upvote
FN:25,downvote
FN:33,random
FN:39,get
FN:44,getTop
FN:51,getById
FNF:7
FNH:7
FNDA:2,insert
FNDA:2,upvote
FNDA:2,downvote
FNDA:1,random
FNDA:1,get
FNDA:2,getTop
FNDA:2,getById
DA:7,2
DA:8,2
DA:9,1
DA:12,1
DA:14,1
DA:18,2
DA:20,2
DA:22,1
DA:26,2
DA:28,2
DA:30,1
DA:34,1
DA:36,1
DA:40,1
DA:41,1
DA:45,2
DA:47,2
DA:48,1
DA:52,2
DA:54,2
DA:55,1
DA:58,1
LF:22
LH:22
BRDA:8,0,0,1
BRF:1
BRH:1
end_of_record
TN:
SF:src/controllers/testController.ts
FN:4,deleteAll
FNF:1
FNH:0
FNDA:0,deleteAll
DA:5,0
DA:6,0
LF:2
LH:0
BRF:0
BRH:0
end_of_record
TN:
SF:src/middlewares/errorHandlerMiddleware.ts
FN:8,errorHandlerMiddleware
FNF:1
FNH:1
FNDA:5,errorHandlerMiddleware
DA:14,5
DA:16,5
DA:17,5
DA:20,0
LF:4
LH:3
BRDA:16,0,0,5
BRF:1
BRH:1
end_of_record
TN:
SF:src/repositories/recommendationRepository.ts
FN:5,create
FN:16,findAll
FN:26,getAmountByScore
FN:33,getFindAllFilter
FN:45,find
FN:51,findByName
FN:57,updateScore
FN:66,remove
FNF:8
FNH:7
FNDA:1,create
FNDA:3,findAll
FNDA:1,getAmountByScore
FNDA:3,getFindAllFilter
FNDA:6,find
FNDA:1,findByName
FNDA:2,updateScore
FNDA:0,remove
DA:6,1
DA:17,3
DA:19,3
DA:27,1
DA:36,3
DA:38,1
DA:40,1
DA:46,6
DA:52,1
DA:58,2
DA:67,0
DA:72,2
LF:12
LH:11
BRDA:36,0,0,2
BRF:1
BRH:1
end_of_record
TN:
SF:src/repositories/testRepository.ts
FN:3,truncate
FNF:1
FNH:0
FNDA:0,truncate
DA:4,0
LF:1
LH:0
BRF:0
BRH:0
end_of_record
TN:
SF:src/routers/recommendationRouter.ts
FNF:0
FNH:0
DA:4,1
DA:6,1
DA:7,1
DA:8,1
DA:9,1
DA:10,1
DA:11,1
DA:12,1
LF:8
LH:8
BRF:0
BRH:0
end_of_record
TN:
SF:src/routers/testRouter.ts
FNF:0
FNH:0
DA:4,1
DA:6,1
LF:2
LH:2
BRF:0
BRH:0
end_of_record
TN:
SF:src/schemas/recommendationsSchemas.ts
FNF:0
FNH:0
DA:4,1
DA:6,1
LF:2
LH:2
BRF:0
BRH:0
end_of_record
TN:
SF:src/services/recommendationsService.ts
FN:7,insert
FN:17,upvote
FN:24,downvote
FN:38,getByIdOrFail
FN:45,get
FN:49,getTop
FN:56,getRandom
FN:69,getByScore
FN:82,getScoreFilter
FNF:9
FNH:9
FNDA:2,insert
FNDA:2,upvote
FNDA:3,downvote
FNDA:7,getByIdOrFail
FNDA:1,get
FNDA:2,getTop
FNDA:4,getRandom
FNDA:4,getByScore
FNDA:4,getScoreFilter
DA:8,2
DA:11,2
DA:12,1
DA:14,1
DA:19,2
DA:21,1
DA:26,3
DA:28,2
DA:33,2
DA:34,1
DA:39,7
DA:40,7
DA:42,4
DA:46,1
DA:50,2
DA:51,1
DA:53,1
DA:57,4
DA:58,4
DA:60,4
DA:61,4
DA:62,1
DA:65,3
DA:66,3
DA:70,4
DA:75,4
DA:76,2
DA:79,2
DA:83,4
DA:84,2
DA:87,2
DA:90,2
LF:32
LH:32
BRDA:11,0,0,1
BRDA:33,1,0,1
BRDA:40,2,0,3
BRDA:50,3,0,1
BRDA:61,4,0,1
BRDA:75,5,0,2
BRDA:83,6,0,2
BRF:7
BRH:7
end_of_record
TN:
SF:src/services/testService.ts
FN:3,deleteAll
FNF:1
FNH:1
FNDA:1,deleteAll
DA:4,1
LF:1
LH:1
BRF:0
BRH:0
end_of_record
TN:
SF:src/utils/errorUtils.ts
FN:7,isAppError
FN:11,errorTypeToStatusCode
FN:19,conflictError
FN:23,notFoundError
FN:27,unauthorizedError
FN:31,wrongSchemaError
FNF:6
FNH:5
FNDA:5,isAppError
FNDA:5,errorTypeToStatusCode
FNDA:1,conflictError
FNDA:5,notFoundError
FNDA:0,unauthorizedError
FNDA:1,wrongSchemaError
DA:8,5
DA:12,5
DA:13,5
DA:14,1
DA:15,1
DA:16,0
DA:20,1
DA:24,5
DA:28,0
DA:32,1
LF:10
LH:8
BRDA:12,0,0,0
BRDA:13,1,0,4
BRDA:14,2,0,0
BRDA:15,3,0,1
BRDA:20,4,0,1
BRDA:20,4,1,0
BRDA:20,5,0,1
BRDA:20,5,1,1
BRDA:24,6,0,0
BRDA:24,6,1,5
BRDA:24,7,0,5
BRDA:24,7,1,5
BRDA:28,8,0,0
BRDA:28,8,1,0
BRDA:28,9,0,0
BRDA:28,9,1,0
BRDA:32,10,0,0
BRDA:32,10,1,1
BRDA:32,11,0,1
BRDA:32,11,1,1
BRF:20
BRH:11
end_of_record
TN:
SF:tests/factories/integrationFactory.ts
FN:3,create
FNF:1
FNH:1
FNDA:6,create
DA:4,6
DA:14,6
LF:2
LH:2
BRF:0
BRH:0
end_of_record
